0 info it worked if it ends with ok
1 verbose cli [ 'node',
1 verbose cli   'C:\\Users\\Tony\\AppData\\Roaming\\npm\\node_modules\\npm\\bin\\npm-cli.js',
1 verbose cli   'start' ]
2 info using npm@2.1.16
3 info using node@v0.10.35
4 verbose run-script [ 'prestart', 'start', 'poststart' ]
5 info prestart flapper-news@0.0.0
6 info start flapper-news@0.0.0
7 verbose unsafe-perm in lifecycle true
8 info flapper-news@0.0.0 Failed to exec start script
9 verbose stack Error: flapper-news@0.0.0 start: `node ./bin/www`
9 verbose stack Exit status 8
9 verbose stack     at EventEmitter.<anonymous> (C:\Users\Tony\AppData\Roaming\npm\node_modules\npm\lib\utils\lifecycle.js:212:16)
9 verbose stack     at EventEmitter.emit (events.js:98:17)
9 verbose stack     at ChildProcess.<anonymous> (C:\Users\Tony\AppData\Roaming\npm\node_modules\npm\lib\utils\spawn.js:14:12)
9 verbose stack     at ChildProcess.emit (events.js:98:17)
9 verbose stack     at maybeClose (child_process.js:766:16)
9 verbose stack     at Process.ChildProcess._handle.onexit (child_process.js:833:5)
10 verbose pkgid flapper-news@0.0.0
11 verbose cwd C:\Users\Tony\flapper-news
12 error Windows_NT 6.2.9200
13 error argv "node" "C:\\Users\\Tony\\AppData\\Roaming\\npm\\node_modules\\npm\\bin\\npm-cli.js" "start"
14 error node v0.10.35
15 error npm  v2.1.16
16 error code ELIFECYCLE
17 error flapper-news@0.0.0 start: `node ./bin/www`
17 error Exit status 8
18 error Failed at the flapper-news@0.0.0 start script 'node ./bin/www'.
18 error This is most likely a problem with the flapper-news package,
18 error not with npm itself.
18 error Tell the author that this fails on your system:
18 error     node ./bin/www
18 error You can get their info via:
18 error     npm owner ls flapper-news
18 error There is likely additional logging output above.
19 verbose exit [ 1, true ]
